E:\C代码\比特64班\20190905\20190905\DEBUG\TEST.OBJ
E:\C代码\比特64班\20190905\20190905\DEBUG\VC110.PDB
E:\C代码\比特64班\20190905\DEBUG\20190905.ILK
E:\C代码\比特64班\20190905\DEBUG\20190905.EXE
E:\C代码\比特64班\20190905\DEBUG\20190905.PDB
E:\C代码\比特64班\20190905\20190905\Debug\test.obj
E:\C代码\比特64班\20190905\20190905\Debug\cl.command.1.tlog
E:\C代码\比特64班\20190905\20190905\Debug\CL.read.1.tlog
E:\C代码\比特64班\20190905\20190905\Debug\CL.write.1.tlog
E:\C代码\比特64班\20190905\20190905\Debug\link-cvtres.read.1.tlog
E:\C代码\比特64班\20190905\20190905\Debug\link-cvtres.write.1.tlog
E:\C代码\比特64班\20190905\20190905\Debug\link-rc.read.1.tlog
E:\C代码\比特64班\20190905\20190905\Debug\link-rc.write.1.tlog
E:\C代码\比特64班\20190905\20190905\Debug\link.command.1.tlog
E:\C代码\比特64班\20190905\20190905\Debug\link.read.1.tlog
E:\C代码\比特64班\20190905\20190905\Debug\link.write.1.tlog
E:\C代码\比特64班\20190905\20190905\Debug\vc110.idb
E:\C代码\比特64班\20190905\20190905\Debug\vc110.pdb
E:\C代码\比特64班\20190905\Debug\20190905.pdb
E:\C代码\比特64班\20190905\Debug\20190905.exe
E:\C代码\比特64班\20190905\Debug\20190905.ilk
